[0mGET / [32m200[0m 2204.719 ms - 20345[0m
[0mGET /js/formatting.js [33m404[0m 90.241 ms - 155[0m
[0mGET /uploads/users/avatars/avatar-1715501191781-928068405 [33m404[0m 60.262 ms - 191[0m
[0mGET /users/profile/6606f51045e20f412c751a86 [36m302[0m 274.086 ms - 72[0m
[0mGET /users/sign-in [32m200[0m 2419.298 ms - 5834[0m
[0mGET /js/formatting.js [33m404[0m 462.298 ms - 155[0m
[0mGET /users/sign-in [36m304[0m 2577.070 ms - -[0m
[0mGET /js/formatting.js [33m404[0m 64.337 ms - 155[0m
[0mPOST /users/create-session [36m302[0m 388.614 ms - 72[0m
[0mGET /users/sign-in [32m200[0m 2035.610 ms - 6101[0m
[0mGET /js/formatting.js [33m404[0m 101.977 ms - 155[0m
[0mPOST /users/create-session [36m302[0m 262.478 ms - 46[0m
[0mGET / [32m200[0m 791.545 ms - 25969[0m
[0mGET /uploads/users/avatars/avatar-1715501191781-928068405 [33m404[0m 110.353 ms - 191[0m
[0mGET /js/formatting.js [33m404[0m 127.408 ms - 155[0m
[0mGET / [32m200[0m 3376.499 ms - 25703[0m
[0mGET /uploads/users/avatars/avatar-1715501191781-928068405 [33m404[0m 796.985 ms - 191[0m
[0mGET /js/formatting.js [33m404[0m 1855.335 ms - 155[0m
[0mGET / [36m304[0m 507.168 ms - -[0m
[0mGET /uploads/users/avatars/avatar-1715501191781-928068405 [33m404[0m 90.020 ms - 191[0m
[0mGET /js/formatting.js [33m404[0m 355.528 ms - 155[0m
[0mGET / [36m304[0m 33234.959 ms - -[0m
[0mGET /js/formatting.js [33m404[0m 129.216 ms - 155[0m
[0mGET /uploads/users/avatars/avatar-1715501191781-928068405 [33m404[0m 437.317 ms - 191[0m
[0mGET / [0m-[0m - ms - -[0m
[0mGET / [32m200[0m 26338.935 ms - 25703[0m
[0mGET /uploads/users/avatars/avatar-1715501191781-928068405 [33m404[0m 5495.486 ms - 191[0m
[0mGET /js/formatting.js [33m404[0m 5970.241 ms - 155[0m
[0mGET / [31m500[0m 19861.893 ms - 496[0m
[0mGET / [32m200[0m 23076.680 ms - 25703[0m
[0mGET /js/formatting.js [0m-[0m - ms - -[0m
[0mGET /uploads/users/avatars/avatar-1715501191781-928068405 [33m404[0m 5452.305 ms - 191[0m
[0mGET /friends/friendship/remove/664260a98466f7c6f6be6675 [36m302[0m 4286.961 ms - 88[0m
[0mGET / [32m200[0m 16095.426 ms - 26277[0m
[0mGET /js/formatting.js [33m404[0m 201.741 ms - 155[0m
[0mGET /uploads/users/avatars/avatar-1715501191781-928068405 [33m404[0m 199.501 ms - 191[0m
[0mGET / [36m304[0m 6195.842 ms - -[0m
[0mGET /js/formatting.js [33m404[0m 2926.460 ms - 155[0m
[0mGET /uploads/users/avatars/avatar-1715501191781-928068405 [33m404[0m 3575.735 ms - 191[0m
    // this.socket = io('https://codeial-social.onrender.com', {
    //   transports: ['websocket'],
    // });[0mGET / [36m304[0m 1780.096 ms - -[0m
[0mGET /js/formatting.js [33m404[0m 242.581 ms - 155[0m
[0mGET /uploads/users/avatars/avatar-1715501191781-928068405 [33m404[0m 1313.900 ms - 191[0m
